Started GET "/" for 127.0.0.1 at 2017-03-30 13:24:08 +0200
Processing by Rails::WelcomeController#index as HTML
  Parameters: {"internal"=>true}
  Rendering /home/ayatalat/.rvm/gems/ruby-2.4.0/gems/railties-5.0.2/lib/rails/templates/rails/welcome/index.html.erb
  Rendered /home/ayatalat/.rvm/gems/ruby-2.4.0/gems/railties-5.0.2/lib/rails/templates/rails/welcome/index.html.erb (3.9ms)
Completed 200 OK in 89ms (Views: 39.8ms | ActiveRecord: 0.0ms)


Started GET "/users/" for 127.0.0.1 at 2017-03-30 13:46:40 +0200
  
ActiveRecord::PendingMigrationError (

Migrations are pending. To resolve this issue, run:

        bin/rails db:migrate RAILS_ENV=development

):
  
activerecord (5.0.2) lib/active_record/migration.rb:573:in `check_pending!'
activerecord (5.0.2) lib/active_record/migration.rb:549:in `call'
actionpack (5.0.2) lib/action_dispatch/middleware/callbacks.rb:38:in `block in call'
activesupport (5.0.2) lib/active_support/callbacks.rb:97:in `__run_callbacks__'
activesupport (5.0.2) lib/active_support/callbacks.rb:750:in `_run_call_callbacks'
activesupport (5.0.2) lib/active_support/callbacks.rb:90:in `run_callbacks'
actionpack (5.0.2) lib/action_dispatch/middleware/callbacks.rb:36:in `call'
actionpack (5.0.2) lib/action_dispatch/middleware/executor.rb:12:in `call'
actionpack (5.0.2) lib/action_dispatch/middleware/remote_ip.rb:79:in `call'
actionpack (5.0.2) lib/action_dispatch/middleware/debug_exceptions.rb:49:in `call'
web-console (3.4.0) lib/web_console/middleware.rb:135:in `call_app'
web-console (3.4.0) lib/web_console/middleware.rb:28:in `block in call'
web-console (3.4.0) lib/web_console/middleware.rb:18:in `catch'
web-console (3.4.0) lib/web_console/middleware.rb:18:in `call'
actionpack (5.0.2) lib/action_dispatch/middleware/show_exceptions.rb:31:in `call'
railties (5.0.2) lib/rails/rack/logger.rb:36:in `call_app'
railties (5.0.2) lib/rails/rack/logger.rb:24:in `block in call'
activesupport (5.0.2) lib/active_support/tagged_logging.rb:69:in `block in tagged'
activesupport (5.0.2) lib/active_support/tagged_logging.rb:26:in `tagged'
activesupport (5.0.2) lib/active_support/tagged_logging.rb:69:in `tagged'
railties (5.0.2) lib/rails/rack/logger.rb:24:in `call'
sprockets-rails (3.2.0) lib/sprockets/rails/quiet_assets.rb:13:in `call'
actionpack (5.0.2) lib/action_dispatch/middleware/request_id.rb:24:in `call'
rack (2.0.1) lib/rack/method_override.rb:22:in `call'
rack (2.0.1) lib/rack/runtime.rb:22:in `call'
activesupport (5.0.2) lib/active_support/cache/strategy/local_cache_middleware.rb:28:in `call'
actionpack (5.0.2) lib/action_dispatch/middleware/executor.rb:12:in `call'
actionpack (5.0.2) lib/action_dispatch/middleware/static.rb:136:in `call'
rack (2.0.1) lib/rack/sendfile.rb:111:in `call'
railties (5.0.2) lib/rails/engine.rb:522:in `call'
puma (3.8.2) lib/puma/configuration.rb:224:in `call'
puma (3.8.2) lib/puma/server.rb:600:in `handle_request'
puma (3.8.2) lib/puma/server.rb:435:in `process_client'
puma (3.8.2) lib/puma/server.rb:299:in `block in run'
puma (3.8.2) lib/puma/thread_pool.rb:120:in `block in spawn_thread'
  Rendering /home/ayatalat/.rvm/gems/ruby-2.4.0/gems/actionpack-5.0.2/lib/action_dispatch/middleware/templates/rescues/diagnostics.html.erb within rescues/layout
  Rendering /home/ayatalat/.rvm/gems/ruby-2.4.0/gems/actionpack-5.0.2/lib/action_dispatch/middleware/templates/rescues/_source.html.erb
  Rendered /home/ayatalat/.rvm/gems/ruby-2.4.0/gems/actionpack-5.0.2/lib/action_dispatch/middleware/templates/rescues/_source.html.erb (6.3ms)
  Rendering /home/ayatalat/.rvm/gems/ruby-2.4.0/gems/actionpack-5.0.2/lib/action_dispatch/middleware/templates/rescues/_trace.html.erb
  Rendered /home/ayatalat/.rvm/gems/ruby-2.4.0/gems/actionpack-5.0.2/lib/action_dispatch/middleware/templates/rescues/_trace.html.erb (3.0ms)
  Rendering /home/ayatalat/.rvm/gems/ruby-2.4.0/gems/actionpack-5.0.2/lib/action_dispatch/middleware/templates/rescues/_request_and_response.html.erb
  Rendered /home/ayatalat/.rvm/gems/ruby-2.4.0/gems/actionpack-5.0.2/lib/action_dispatch/middleware/templates/rescues/_request_and_response.html.erb (1.9ms)
  Rendered /home/ayatalat/.rvm/gems/ruby-2.4.0/gems/actionpack-5.0.2/lib/action_dispatch/middleware/templates/rescues/diagnostics.html.erb within rescues/layout (72.8ms)
  [1m[35m (505.9ms)[0m  [1m[35mCREATE TABLE "schema_migrations" ("version" character varying PRIMARY KEY)[0m
  [1m[35m (105.0ms)[0m  [1m[35mCREATE TABLE "ar_internal_metadata" ("key" character varying PRIMARY KEY, "value" character varying, "created_at" timestamp NOT NULL, "updated_at" timestamp NOT NULL)[0m
  [1m[35m (30.0ms)[0m  [1m[34mSELECT pg_try_advisory_lock(8708477813579234880);[0m
  [1m[36mActiveRecord::SchemaMigration Load (1.1ms)[0m  [1m[34mSELECT "schema_migrations".* FROM "schema_migrations"[0m
Migrating to CreateUsers (20170330114348)
  [1m[35m (0.4ms)[0m  [1m[35mBEGIN[0m
  [1m[35m (157.6ms)[0m  [1m[35mCREATE TABLE "users" ("id" serial primary key, "name" character varying, "password" character varying, "email" character varying, "created_at" timestamp NOT NULL, "updated_at" timestamp NOT NULL)[0m
  [1m[35mSQL (1.0ms)[0m  [1m[32mINSERT INTO "schema_migrations" ("version") VALUES ($1) RETURNING "version"[0m  [["version", "20170330114348"]]
  [1m[35m (18.3ms)[0m  [1m[35mCOMMIT[0m
  [1m[36mActiveRecord::InternalMetadata Load (10.4ms)[0m  [1m[34mSELECT  "ar_internal_metadata".* FROM "ar_internal_metadata" WHERE "ar_internal_metadata"."key" = $1 LIMIT $2[0m  [["key", :environment], ["LIMIT", 1]]
  [1m[35m (0.5ms)[0m  [1m[35mBEGIN[0m
  [1m[35mSQL (1.0ms)[0m  [1m[32mINSERT INTO "ar_internal_metadata" ("key", "value", "created_at", "updated_at") VALUES ($1, $2, $3, $4) RETURNING "key"[0m  [["key", "environment"], ["value", "development"], ["created_at", 2017-03-30 11:47:29 UTC], ["updated_at", 2017-03-30 11:47:29 UTC]]
  [1m[35m (15.9ms)[0m  [1m[35mCOMMIT[0m
  [1m[35m (0.5ms)[0m  [1m[34mSELECT pg_advisory_unlock(8708477813579234880)[0m
  [1m[36mActiveRecord::SchemaMigration Load (0.4ms)[0m  [1m[34mSELECT "schema_migrations".* FROM "schema_migrations"[0m
Started GET "/users/" for 127.0.0.1 at 2017-03-30 13:47:39 +0200
  [1m[36mActiveRecord::SchemaMigration Load (1.2ms)[0m  [1m[34mSELECT "schema_migrations".* FROM "schema_migrations"[0m
Processing by UsersController#index as HTML
  Rendering users/index.html.erb within layouts/application
  [1m[36mUser Load (0.9ms)[0m  [1m[34mSELECT "users".* FROM "users"[0m
  Rendered users/index.html.erb within layouts/application (7.3ms)
Completed 200 OK in 2890ms (Views: 2839.4ms | ActiveRecord: 3.1ms)


Started GET "/users/new" for 127.0.0.1 at 2017-03-30 13:47:45 +0200
Processing by UsersController#new as HTML
  Rendering users/new.html.erb within layouts/application
  Rendered users/_form.html.erb (155.1ms)
  Rendered users/new.html.erb within layouts/application (157.2ms)
Completed 200 OK in 235ms (Views: 216.9ms | ActiveRecord: 5.9ms)


Started POST "/users" for 127.0.0.1 at 2017-03-30 13:47:59 +0200
Processing by UsersController#create as HTML
  Parameters: {"utf8"=>"✓", "authenticity_token"=>"tbbEd4Q5Rw4oUMZD5VDft28UQVu5GOLlOm7vSA6WCNxkPA/ixRrOHrM7ofKxNlYlgELdRsweXnbBzNfuXLrXrA==", "user"=>{"name"=>"hind", "password"=>"[FILTERED]", "email"=>"hind@gmail.com"}, "commit"=>"Create User"}
  [1m[35m (1.5ms)[0m  [1m[35mBEGIN[0m
  [1m[35mSQL (1.6ms)[0m  [1m[32mINSERT INTO "users" ("name", "password", "email", "created_at", "updated_at") VALUES ($1, $2, $3, $4, $5) RETURNING "id"[0m  [["name", "hind"], ["password", "iti"], ["email", "hind@gmail.com"], ["created_at", 2017-03-30 11:47:59 UTC], ["updated_at", 2017-03-30 11:47:59 UTC]]
  [1m[35m (31.5ms)[0m  [1m[35mCOMMIT[0m
Redirected to http://localhost:3000/users/1
Completed 302 Found in 48ms (ActiveRecord: 34.5ms)


Started GET "/users/1" for 127.0.0.1 at 2017-03-30 13:47:59 +0200
Processing by UsersController#show as HTML
  Parameters: {"id"=>"1"}
  [1m[36mUser Load (0.8ms)[0m  [1m[34mSELECT  "users".* FROM "users" WHERE "users"."id" = $1 LIMIT $2[0m  [["id", 1], ["LIMIT", 1]]
  Rendering users/show.html.erb within layouts/application
  Rendered users/show.html.erb within layouts/application (1.6ms)
Completed 200 OK in 133ms (Views: 50.8ms | ActiveRecord: 44.9ms)


Started GET "/users" for 127.0.0.1 at 2017-03-30 13:48:04 +0200
Processing by UsersController#index as HTML
  Rendering users/index.html.erb within layouts/application
  [1m[36mUser Load (0.7ms)[0m  [1m[34mSELECT "users".* FROM "users"[0m
  Rendered users/index.html.erb within layouts/application (4.2ms)
Completed 200 OK in 47ms (Views: 43.9ms | ActiveRecord: 0.7ms)


Started GET "/users/new" for 127.0.0.1 at 2017-03-30 13:48:05 +0200
Processing by UsersController#new as HTML
  Rendering users/new.html.erb within layouts/application
  Rendered users/_form.html.erb (5.0ms)
  Rendered users/new.html.erb within layouts/application (7.3ms)
Completed 200 OK in 37ms (Views: 34.9ms | ActiveRecord: 0.0ms)


Started POST "/users" for 127.0.0.1 at 2017-03-30 13:48:21 +0200
Processing by UsersController#create as HTML
  Parameters: {"utf8"=>"✓", "authenticity_token"=>"n1a04SD0d/KKdyhvbq/mC0MzDAjrup33B5lsZwlnyeNO3H90Ydf+4hEcT946yW+ZrGWQFZ68IWT8O1TBW0sWkw==", "user"=>{"name"=>"aya", "password"=>"[FILTERED]", "email"=>"aya@gmail.com"}, "commit"=>"Create User"}
  [1m[35m (1.1ms)[0m  [1m[35mBEGIN[0m
  [1m[35mSQL (1.0ms)[0m  [1m[32mINSERT INTO "users" ("name", "password", "email", "created_at", "updated_at") VALUES ($1, $2, $3, $4, $5) RETURNING "id"[0m  [["name", "aya"], ["password", "iti"], ["email", "aya@gmail.com"], ["created_at", 2017-03-30 11:48:21 UTC], ["updated_at", 2017-03-30 11:48:21 UTC]]
  [1m[35m (84.3ms)[0m  [1m[35mCOMMIT[0m
Redirected to http://localhost:3000/users/2
Completed 302 Found in 96ms (ActiveRecord: 86.4ms)


Started GET "/users/2" for 127.0.0.1 at 2017-03-30 13:48:22 +0200
Processing by UsersController#show as HTML
  Parameters: {"id"=>"2"}
  [1m[36mUser Load (0.5ms)[0m  [1m[34mSELECT  "users".* FROM "users" WHERE "users"."id" = $1 LIMIT $2[0m  [["id", 2], ["LIMIT", 1]]
  Rendering users/show.html.erb within layouts/application
  Rendered users/show.html.erb within layouts/application (1.1ms)
Completed 200 OK in 32ms (Views: 28.8ms | ActiveRecord: 0.5ms)


Started GET "/users" for 127.0.0.1 at 2017-03-30 13:48:26 +0200
Processing by UsersController#index as HTML
  Rendering users/index.html.erb within layouts/application
  [1m[36mUser Load (5.4ms)[0m  [1m[34mSELECT "users".* FROM "users"[0m
  Rendered users/index.html.erb within layouts/application (9.8ms)
Completed 200 OK in 46ms (Views: 38.0ms | ActiveRecord: 5.4ms)


Started GET "/users/new" for 127.0.0.1 at 2017-03-30 13:48:27 +0200
Processing by UsersController#new as HTML
  Rendering users/new.html.erb within layouts/application
  Rendered users/_form.html.erb (6.5ms)
  Rendered users/new.html.erb within layouts/application (8.7ms)
Completed 200 OK in 63ms (Views: 61.3ms | ActiveRecord: 0.0ms)


Started POST "/users" for 127.0.0.1 at 2017-03-30 13:48:59 +0200
Processing by UsersController#create as HTML
  Parameters: {"utf8"=>"✓", "authenticity_token"=>"+a5TVQwcywa0ZhSWyunUUXliCay5tU6H0FnPcG6plMwoJJjATT9CFi8Ncyeej13DljSVscyz8hQr+/fWPIVLvA==", "user"=>{"name"=>"sherif", "password"=>"[FILTERED]", "email"=>"sherif@gmail.com"}, "commit"=>"Create User"}
  [1m[35m (0.3ms)[0m  [1m[35mBEGIN[0m
  [1m[35mSQL (0.7ms)[0m  [1m[32mINSERT INTO "users" ("name", "password", "email", "created_at", "updated_at") VALUES ($1, $2, $3, $4, $5) RETURNING "id"[0m  [["name", "sherif"], ["password", "iti"], ["email", "sherif@gmail.com"], ["created_at", 2017-03-30 11:48:59 UTC], ["updated_at", 2017-03-30 11:48:59 UTC]]
  [1m[35m (1550.9ms)[0m  [1m[35mCOMMIT[0m
Redirected to http://localhost:3000/users/3
Completed 302 Found in 1558ms (ActiveRecord: 1552.0ms)


Started GET "/users/3" for 127.0.0.1 at 2017-03-30 13:49:01 +0200
Processing by UsersController#show as HTML
  Parameters: {"id"=>"3"}
  [1m[36mUser Load (0.7ms)[0m  [1m[34mSELECT  "users".* FROM "users" WHERE "users"."id" = $1 LIMIT $2[0m  [["id", 3], ["LIMIT", 1]]
  Rendering users/show.html.erb within layouts/application
  Rendered users/show.html.erb within layouts/application (1.2ms)
Completed 200 OK in 30ms (Views: 27.0ms | ActiveRecord: 0.7ms)


Started GET "/users/3/edit" for 127.0.0.1 at 2017-03-30 13:49:09 +0200
Processing by UsersController#edit as HTML
  Parameters: {"id"=>"3"}
  [1m[36mUser Load (0.5ms)[0m  [1m[34mSELECT  "users".* FROM "users" WHERE "users"."id" = $1 LIMIT $2[0m  [["id", 3], ["LIMIT", 1]]
  Rendering users/edit.html.erb within layouts/application
  Rendered users/_form.html.erb (5.4ms)
  Rendered users/edit.html.erb within layouts/application (7.8ms)
Completed 200 OK in 48ms (Views: 43.5ms | ActiveRecord: 0.9ms)


Started GET "/users" for 127.0.0.1 at 2017-03-30 13:49:16 +0200
Processing by UsersController#index as HTML
  Rendering users/index.html.erb within layouts/application
  [1m[36mUser Load (1.2ms)[0m  [1m[34mSELECT "users".* FROM "users"[0m
  Rendered users/index.html.erb within layouts/application (6.3ms)
Completed 200 OK in 46ms (Views: 43.0ms | ActiveRecord: 1.2ms)


Started GET "/users/new" for 127.0.0.1 at 2017-03-30 13:49:18 +0200
Processing by UsersController#new as HTML
  Rendering users/new.html.erb within layouts/application
  Rendered users/_form.html.erb (7.4ms)
  Rendered users/new.html.erb within layouts/application (9.5ms)
Completed 200 OK in 49ms (Views: 47.2ms | ActiveRecord: 0.0ms)


Started POST "/users" for 127.0.0.1 at 2017-03-30 13:49:32 +0200
Processing by UsersController#create as HTML
  Parameters: {"utf8"=>"✓", "authenticity_token"=>"qwyNlr626/YHiYTMZIvPyKqOC+vs98zuPrd/d3FWYu96hkYD/5Vi5pzi430w7UZaRdiX9pnxcH3FFUfRI3q9nw==", "user"=>{"name"=>"atta", "password"=>"[FILTERED]", "email"=>"atta@gmail.com"}, "commit"=>"Create User"}
  [1m[35m (2.4ms)[0m  [1m[35mBEGIN[0m
  [1m[35mSQL (1.0ms)[0m  [1m[32mINSERT INTO "users" ("name", "password", "email", "created_at", "updated_at") VALUES ($1, $2, $3, $4, $5) RETURNING "id"[0m  [["name", "atta"], ["password", "ti"], ["email", "atta@gmail.com"], ["created_at", 2017-03-30 11:49:32 UTC], ["updated_at", 2017-03-30 11:49:32 UTC]]
  [1m[35m (1411.3ms)[0m  [1m[35mCOMMIT[0m
Redirected to http://localhost:3000/users/4
Completed 302 Found in 1421ms (ActiveRecord: 1414.7ms)


Started GET "/users/4" for 127.0.0.1 at 2017-03-30 13:49:34 +0200
Processing by UsersController#show as HTML
  Parameters: {"id"=>"4"}
  [1m[36mUser Load (0.6ms)[0m  [1m[34mSELECT  "users".* FROM "users" WHERE "users"."id" = $1 LIMIT $2[0m  [["id", 4], ["LIMIT", 1]]
  Rendering users/show.html.erb within layouts/application
  Rendered users/show.html.erb within layouts/application (9.4ms)
Completed 200 OK in 48ms (Views: 44.9ms | ActiveRecord: 0.6ms)


Started GET "/users/4/edit" for 127.0.0.1 at 2017-03-30 13:49:39 +0200
Processing by UsersController#edit as HTML
  Parameters: {"id"=>"4"}
  [1m[36mUser Load (0.5ms)[0m  [1m[34mSELECT  "users".* FROM "users" WHERE "users"."id" = $1 LIMIT $2[0m  [["id", 4], ["LIMIT", 1]]
  Rendering users/edit.html.erb within layouts/application
  Rendered users/_form.html.erb (4.8ms)
  Rendered users/edit.html.erb within layouts/application (7.1ms)
Completed 200 OK in 48ms (Views: 41.9ms | ActiveRecord: 1.0ms)


Started PATCH "/users/4" for 127.0.0.1 at 2017-03-30 13:49:48 +0200
Processing by UsersController#update as HTML
  Parameters: {"utf8"=>"✓", "authenticity_token"=>"MwXW//DR6pzATIVckTzOWpTfR/4qrS5VjebjWwurMnYRJcqENGS7QNASTHy1aa+5t8U6yQN3OFTmQAXhv7fOzw==", "user"=>{"name"=>"attaahmed", "password"=>"[FILTERED]", "email"=>"atta@gmail.com"}, "commit"=>"Update User", "id"=>"4"}
  [1m[36mUser Load (0.7ms)[0m  [1m[34mSELECT  "users".* FROM "users" WHERE "users"."id" = $1 LIMIT $2[0m  [["id", 4], ["LIMIT", 1]]
  [1m[35m (0.4ms)[0m  [1m[35mBEGIN[0m
  [1m[35mSQL (0.8ms)[0m  [1m[33mUPDATE "users" SET "name" = $1, "updated_at" = $2 WHERE "users"."id" = $3[0m  [["name", "attaahmed"], ["updated_at", 2017-03-30 11:49:48 UTC], ["id", 4]]
  [1m[35m (30.9ms)[0m  [1m[35mCOMMIT[0m
Redirected to http://localhost:3000/users/4
Completed 302 Found in 43ms (ActiveRecord: 33.3ms)


Started GET "/users/4" for 127.0.0.1 at 2017-03-30 13:49:48 +0200
Processing by UsersController#show as HTML
  Parameters: {"id"=>"4"}
  [1m[36mUser Load (0.7ms)[0m  [1m[34mSELECT  "users".* FROM "users" WHERE "users"."id" = $1 LIMIT $2[0m  [["id", 4], ["LIMIT", 1]]
  Rendering users/show.html.erb within layouts/application
  Rendered users/show.html.erb within layouts/application (1.9ms)
Completed 200 OK in 65ms (Views: 61.9ms | ActiveRecord: 0.7ms)


Started GET "/users/4/edit" for 127.0.0.1 at 2017-03-30 13:49:50 +0200
Processing by UsersController#edit as HTML
  Parameters: {"id"=>"4"}
  [1m[36mUser Load (0.6ms)[0m  [1m[34mSELECT  "users".* FROM "users" WHERE "users"."id" = $1 LIMIT $2[0m  [["id", 4], ["LIMIT", 1]]
  Rendering users/edit.html.erb within layouts/application
  Rendered users/_form.html.erb (11.7ms)
  Rendered users/edit.html.erb within layouts/application (17.6ms)
Completed 200 OK in 79ms (Views: 75.3ms | ActiveRecord: 0.6ms)


Started GET "/users/4" for 127.0.0.1 at 2017-03-30 13:49:52 +0200
Processing by UsersController#show as HTML
  Parameters: {"id"=>"4"}
  [1m[36mUser Load (0.7ms)[0m  [1m[34mSELECT  "users".* FROM "users" WHERE "users"."id" = $1 LIMIT $2[0m  [["id", 4], ["LIMIT", 1]]
  Rendering users/show.html.erb within layouts/application
  Rendered users/show.html.erb within layouts/application (2.7ms)
Completed 200 OK in 91ms (Views: 85.7ms | ActiveRecord: 0.7ms)


Started GET "/users" for 127.0.0.1 at 2017-03-30 13:49:53 +0200
Processing by UsersController#index as HTML
  Rendering users/index.html.erb within layouts/application
  [1m[36mUser Load (0.9ms)[0m  [1m[34mSELECT "users".* FROM "users"[0m
Started GET "/users" for 127.0.0.1 at 2017-03-30 13:49:54 +0200
  Rendered users/index.html.erb within layouts/application (9.2ms)
Processing by UsersController#index as HTML
  Rendering users/index.html.erb within layouts/application
  [1m[36mUser Load (3.6ms)[0m  [1m[34mSELECT "users".* FROM "users"[0m
  Rendered users/index.html.erb within layouts/application (12.3ms)
Completed 200 OK in 77ms (Views: 74.1ms | ActiveRecord: 0.9ms)


Completed 200 OK in 92ms (Views: 86.8ms | ActiveRecord: 3.6ms)


